<?xml version="1.0" encoding="UTF-8"?>
<testng-results skipped="0" failed="0" total="1" passed="1">
  <reporter-output>
  </reporter-output>
  <suite name="Default suite" duration-ms="17298" started-at="2021-02-15T11:46:16Z" finished-at="2021-02-15T11:46:33Z">
    <groups>
    </groups>
    <test name="Default test" duration-ms="17298" started-at="2021-02-15T11:46:16Z" finished-at="2021-02-15T11:46:33Z">
      <class name="com.blazedemo.tests.CreateBooking">
        <test-method status="PASS" signature="SetupTest()[pri:0, instance:com.blazedemo.tests.CreateBooking@22f71333]" name="SetupTest" is-config="true" duration-ms="10890" started-at="2021-02-15T17:16:16Z" finished-at="2021-02-15T17:16:27Z">
          <reporter-output>
          </reporter-output>
        </test-method> <!-- SetupTest -->
        <test-method status="PASS" signature="CreateBooking_GetConfirmationID()[pri:0, instance:com.blazedemo.tests.CreateBooking@22f71333]" name="CreateBooking_GetConfirmationID" duration-ms="5114" started-at="2021-02-15T17:16:27Z" finished-at="2021-02-15T17:16:32Z">
          <reporter-output>
          </reporter-output>
        </test-method> <!-- CreateBooking_GetConfirmationID -->
        <test-method status="PASS" signature="TearDown()[pri:0, instance:com.blazedemo.tests.CreateBooking@22f71333]" name="TearDown" is-config="true" duration-ms="1269" started-at="2021-02-15T17:16:32Z" finished-at="2021-02-15T17:16:33Z">
          <reporter-output>
          </reporter-output>
        </test-method> <!-- TearDown -->
      </class> <!-- com.blazedemo.tests.CreateBooking -->
    </test> <!-- Default test -->
  </suite> <!-- Default suite -->
</testng-results>
